{"name":"Verify Invite HCP to Register","status":"failed","statusDetails":{"known":false,"muted":false,"flaky":false,"message":"Invalid element state: element click intercepted: Element <button class=\"btn dropdown-toggle drop-btn\" type=\"button\" id=\"dropdownMenu1\" data-toggle=\"dropdown\" aria-haspopup=\"true\" aria-expanded=\"false\">...</button> is not clickable at point (1205, 52). Other element would receive the click: <nav class=\"navigation-wrap start-header navbar navbar-expand-lg navbar-light bg-light portal-header scroll-on\" data-preheader=\"true\" style=\"top: 26px;\">...</nav>\nTimeout: 10 s.\nCaused by: ElementClickInterceptedException: element click intercepted: Element <button class=\"btn dropdown-toggle drop-btn\" type=\"button\" id=\"dropdownMenu1\" data-toggle=\"dropdown\" aria-haspopup=\"true\" aria-expanded=\"false\">...</button> is not clickable at point (1205, 52). Other element would receive the click: <nav class=\"navigation-wrap start-header navbar navbar-expand-lg navbar-light bg-light portal-header scroll-on\" data-preheader=\"true\" style=\"top: 26px;\">...</nav>","trace":"Invalid element state: element click intercepted: Element <button class=\"btn dropdown-toggle drop-btn\" type=\"button\" id=\"dropdownMenu1\" data-toggle=\"dropdown\" aria-haspopup=\"true\" aria-expanded=\"false\">...</button> is not clickable at point (1205, 52). Other element would receive the click: <nav class=\"navigation-wrap start-header navbar navbar-expand-lg navbar-light bg-light portal-header scroll-on\" data-preheader=\"true\" style=\"top: 26px;\">...</nav>\nTimeout: 10 s.\nCaused by: ElementClickInterceptedException: element click intercepted: Element <button class=\"btn dropdown-toggle drop-btn\" type=\"button\" id=\"dropdownMenu1\" data-toggle=\"dropdown\" aria-haspopup=\"true\" aria-expanded=\"false\">...</button> is not clickable at point (1205, 52). Other element would receive the click: <nav class=\"navigation-wrap start-header navbar navbar-expand-lg navbar-light bg-light portal-header scroll-on\" data-preheader=\"true\" style=\"top: 26px;\">...</nav>\r\n\tat com.codeborne.selenide.impl.SelenideElementProxy.dispatchAndRetry(SelenideElementProxy.java:125)\r\n\tat com.codeborne.selenide.impl.SelenideElementProxy.invoke(SelenideElementProxy.java:65)\r\n\tat com.sun.proxy.$Proxy22.click(Unknown Source)\r\n\tat pageobjects.pages.EventList.clickOnMore(EventList.java:78)\r\n\tat java.base/jdk.internal.reflect.NativeMethodAccessorImpl.invoke0(Native Method)\r\n\tat java.base/jdk.internal.reflect.NativeMethodAccessorImpl.invoke(NativeMethodAccessorImpl.java:62)\r\n\tat java.base/jdk.internal.reflect.DelegatingMethodAccessorImpl.invoke(DelegatingMethodAccessorImpl.java:43)\r\n\tat java.base/java.lang.reflect.Method.invoke(Method.java:566)\r\n\tat utilities.LoggingHandler.invoke(LoggingHandler.java:42)\r\n\tat com.sun.proxy.$Proxy24.clickOnMore(Unknown Source)\r\n\tat ImplementationClasses.RemedyInviteHcpToRegisterImpl.execute(RemedyInviteHcpToRegisterImpl.java:21)\r\n\tat BaseClasses.FeatureExecutor.performFeature(FeatureExecutor.java:30)\r\n\tat BaseClasses.FeatureExecutor.lambda$execute$0(FeatureExecutor.java:22)\r\n\tat java.base/java.util.ArrayList.forEach(ArrayList.java:1541)\r\n\tat BaseClasses.FeatureExecutor.execute(FeatureExecutor.java:20)\r\n\tat BaseClasses.BaseTest.trigger(BaseTest.java:27)\r\n\tat test.HomePage.RemedyInviteHcpToRegisterValidation.verifyHCPInvite(RemedyInviteHcpToRegisterValidation.java:14)\r\n\tat java.base/jdk.internal.reflect.NativeMethodAccessorImpl.invoke0(Native Method)\r\n\tat java.base/jdk.internal.reflect.NativeMethodAccessorImpl.invoke(NativeMethodAccessorImpl.java:62)\r\n\tat java.base/jdk.internal.reflect.DelegatingMethodAccessorImpl.invoke(DelegatingMethodAccessorImpl.java:43)\r\n\tat java.base/java.lang.reflect.Method.invoke(Method.java:566)\r\n\tat org.testng.internal.MethodInvocationHelper.invokeMethod(MethodInvocationHelper.java:124)\r\n\tat org.testng.internal.Invoker.invokeMethod(Invoker.java:583)\r\n\tat org.testng.internal.Invoker.invokeTestMethod(Invoker.java:719)\r\n\tat org.testng.internal.Invoker.invokeTestMethods(Invoker.java:989)\r\n\tat org.testng.internal.TestMethodWorker.invokeTestMethods(TestMethodWorker.java:125)\r\n\tat org.testng.internal.TestMethodWorker.run(TestMethodWorker.java:109)\r\n\tat org.testng.TestRunner.privateRun(TestRunner.java:648)\r\n\tat org.testng.TestRunner.run(TestRunner.java:505)\r\n\tat org.testng.SuiteRunner.runTest(SuiteRunner.java:455)\r\n\tat org.testng.SuiteRunner.runSequentially(SuiteRunner.java:450)\r\n\tat org.testng.SuiteRunner.privateRun(SuiteRunner.java:415)\r\n\tat org.testng.SuiteRunner.run(SuiteRunner.java:364)\r\n\tat org.testng.SuiteRunnerWorker.runSuite(SuiteRunnerWorker.java:52)\r\n\tat org.testng.SuiteRunnerWorker.run(SuiteRunnerWorker.java:84)\r\n\tat org.testng.TestNG.runSuitesSequentially(TestNG.java:1208)\r\n\tat org.testng.TestNG.runSuitesLocally(TestNG.java:1137)\r\n\tat org.testng.TestNG.runSuites(TestNG.java:1049)\r\n\tat org.testng.TestNG.run(TestNG.java:1017)\r\n\tat com.intellij.rt.testng.IDEARemoteTestNG.run(IDEARemoteTestNG.java:66)\r\n\tat com.intellij.rt.testng.RemoteTestNGStarter.main(RemoteTestNGStarter.java:109)\r\nCaused by: org.openqa.selenium.ElementClickInterceptedException: element click intercepted: Element <button class=\"btn dropdown-toggle drop-btn\" type=\"button\" id=\"dropdownMenu1\" data-toggle=\"dropdown\" aria-haspopup=\"true\" aria-expanded=\"false\">...</button> is not clickable at point (1205, 52). Other element would receive the click: <nav class=\"navigation-wrap start-header navbar navbar-expand-lg navbar-light bg-light portal-header scroll-on\" data-preheader=\"true\" style=\"top: 26px;\">...</nav>\n  (Session info: chrome=105.0.5195.127)\nBuild info: version: '3.141.59', revision: 'e82be7d358', time: '2018-11-14T08:17:03'\nSystem info: host: 'LAPTOP-VLJAIGCH', ip: '192.168.1.16', os.name: 'Windows 11', os.arch: 'amd64', os.version: '10.0', java.version: '11.0.16'\nDriver info: org.openqa.selenium.chrome.ChromeDriver\nCapabilities {acceptInsecureCerts: true, browserName: chrome, browserVersion: 105.0.5195.127, chrome: {chromedriverVersion: 105.0.5195.52 (412c95e51883..., userDataDir: C:\\Users\\abhin\\AppData\\Loca...}, goog:chromeOptions: {debuggerAddress: localhost:60259}, javascriptEnabled: true, networkConnectionEnabled: false, pageLoadStrategy: normal, platform: WINDOWS, platformName: WINDOWS, proxy: Proxy(), setWindowRect: true, strictFileInteractability: false, timeouts: {implicit: 0, pageLoad: 300000, script: 30000}, unhandledPromptBehavior: accept, webauthn:extension:credBlob: true, webauthn:extension:largeBlob: true, webauthn:virtualAuthenticators: true}\nSession ID: a4c2b8f355b7fd34827aacfe2f5e5779\r\n\tat java.base/jdk.internal.reflect.NativeConstructorAccessorImpl.newInstance0(Native Method)\r\n\tat java.base/jdk.internal.reflect.NativeConstructorAccessorImpl.newInstance(NativeConstructorAccessorImpl.java:62)\r\n\tat java.base/jdk.internal.reflect.DelegatingConstructorAccessorImpl.newInstance(DelegatingConstructorAccessorImpl.java:45)\r\n\tat java.base/java.lang.reflect.Constructor.newInstance(Constructor.java:490)\r\n\tat org.openqa.selenium.remote.http.W3CHttpResponseCodec.createException(W3CHttpResponseCodec.java:187)\r\n\tat org.openqa.selenium.remote.http.W3CHttpResponseCodec.decode(W3CHttpResponseCodec.java:122)\r\n\tat org.openqa.selenium.remote.http.W3CHttpResponseCodec.decode(W3CHttpResponseCodec.java:49)\r\n\tat org.openqa.selenium.remote.HttpCommandExecutor.execute(HttpCommandExecutor.java:158)\r\n\tat org.openqa.selenium.remote.service.DriverCommandExecutor.execute(DriverCommandExecutor.java:83)\r\n\tat org.openqa.selenium.remote.RemoteWebDriver.execute(RemoteWebDriver.java:552)\r\n\tat org.openqa.selenium.remote.RemoteWebElement.execute(RemoteWebElement.java:285)\r\n\tat org.openqa.selenium.remote.RemoteWebElement.click(RemoteWebElement.java:84)\r\n\tat com.codeborne.selenide.commands.Click.click(Click.java:26)\r\n\tat com.codeborne.selenide.commands.Click.execute(Click.java:13)\r\n\tat com.codeborne.selenide.commands.Click.execute(Click.java:9)\r\n\tat com.codeborne.selenide.commands.Commands.execute(Commands.java:148)\r\n\tat com.codeborne.selenide.impl.SelenideElementProxy.dispatchAndRetry(SelenideElementProxy.java:99)\r\n\t... 40 more\r\n"},"stage":"finished","steps":[],"attachments":[],"parameters":[],"start":1663965922177,"stop":1663965939070,"uuid":"7d996a8a-7415-4536-8d4b-5f9121c25d70","historyId":"ac4c59c5c90177633e8d85f20e2c29d4","fullName":"test.HomePage.RemedyInviteHcpToRegisterValidation.verifyHCPInvite","labels":[{"name":"package","value":"test.HomePage.RemedyInviteHcpToRegisterValidation"},{"name":"testClass","value":"test.HomePage.RemedyInviteHcpToRegisterValidation"},{"name":"testMethod","value":"verifyHCPInvite"},{"name":"parentSuite","value":"Default Suite"},{"name":"suite","value":"RemedyWebUIFramework"},{"name":"subSuite","value":"test.HomePage.RemedyInviteHcpToRegisterValidation"},{"name":"host","value":"LAPTOP-VLJAIGCH"},{"name":"thread","value":"50768@LAPTOP-VLJAIGCH.main(1)"},{"name":"framework","value":"testng"},{"name":"language","value":"java"}],"links":[]}