{"name":"Verify Login Page","status":"failed","statusDetails":{"known":false,"muted":false,"flaky":false,"message":"Invalid element state: element click intercepted: Element <input type=\"submit\" value=\"Login\" class=\"btn btn-primary float-right filled-background\"> is not clickable at point (879, 522). Other element would receive the click: <div id=\"usercentrics-root\" data-created-at=\"1675678696387\" style=\"\"></div>\nTimeout: 10 s.\nCaused by: ElementClickInterceptedException: element click intercepted: Element <input type=\"submit\" value=\"Login\" class=\"btn btn-primary float-right filled-background\"> is not clickable at point (879, 522). Other element would receive the click: <div id=\"usercentrics-root\" data-created-at=\"1675678696387\" style=\"\"></div>","trace":"Invalid element state: element click intercepted: Element <input type=\"submit\" value=\"Login\" class=\"btn btn-primary float-right filled-background\"> is not clickable at point (879, 522). Other element would receive the click: <div id=\"usercentrics-root\" data-created-at=\"1675678696387\" style=\"\"></div>\nTimeout: 10 s.\nCaused by: ElementClickInterceptedException: element click intercepted: Element <input type=\"submit\" value=\"Login\" class=\"btn btn-primary float-right filled-background\"> is not clickable at point (879, 522). Other element would receive the click: <div id=\"usercentrics-root\" data-created-at=\"1675678696387\" style=\"\"></div>\r\n\tat com.codeborne.selenide.impl.SelenideElementProxy.dispatchAndRetry(SelenideElementProxy.java:125)\r\n\tat com.codeborne.selenide.impl.SelenideElementProxy.invoke(SelenideElementProxy.java:65)\r\n\tat com.sun.proxy.$Proxy22.click(Unknown Source)\r\n\tat pageobjects.pages.SignInPage.clickButton(SignInPage.java:67)\r\n\tat java.base/jdk.internal.reflect.NativeMethodAccessorImpl.invoke0(Native Method)\r\n\tat java.base/jdk.internal.reflect.NativeMethodAccessorImpl.invoke(NativeMethodAccessorImpl.java:62)\r\n\tat java.base/jdk.internal.reflect.DelegatingMethodAccessorImpl.invoke(DelegatingMethodAccessorImpl.java:43)\r\n\tat java.base/java.lang.reflect.Method.invoke(Method.java:566)\r\n\tat utilities.LoggingHandler.invoke(LoggingHandler.java:42)\r\n\tat com.sun.proxy.$Proxy23.clickButton(Unknown Source)\r\n\tat ImplementationClasses.CommdSignInImpl.execute(CommdSignInImpl.java:26)\r\n\tat BaseClasses.FeatureExecutor.performFeature(FeatureExecutor.java:30)\r\n\tat BaseClasses.FeatureExecutor.lambda$execute$0(FeatureExecutor.java:22)\r\n\tat java.base/java.util.ArrayList.forEach(ArrayList.java:1541)\r\n\tat BaseClasses.FeatureExecutor.execute(FeatureExecutor.java:20)\r\n\tat BaseClasses.BaseTest.trigger(BaseTest.java:27)\r\n\tat test.HomePage.CommdLoginPageValidation.verifyLogIn(CommdLoginPageValidation.java:12)\r\n\tat java.base/jdk.internal.reflect.NativeMethodAccessorImpl.invoke0(Native Method)\r\n\tat java.base/jdk.internal.reflect.NativeMethodAccessorImpl.invoke(NativeMethodAccessorImpl.java:62)\r\n\tat java.base/jdk.internal.reflect.DelegatingMethodAccessorImpl.invoke(DelegatingMethodAccessorImpl.java:43)\r\n\tat java.base/java.lang.reflect.Method.invoke(Method.java:566)\r\n\tat org.testng.internal.MethodInvocationHelper.invokeMethod(MethodInvocationHelper.java:124)\r\n\tat org.testng.internal.Invoker.invokeMethod(Invoker.java:583)\r\n\tat org.testng.internal.Invoker.invokeTestMethod(Invoker.java:719)\r\n\tat org.testng.internal.Invoker.invokeTestMethods(Invoker.java:989)\r\n\tat org.testng.internal.TestMethodWorker.invokeTestMethods(TestMethodWorker.java:125)\r\n\tat org.testng.internal.TestMethodWorker.run(TestMethodWorker.java:109)\r\n\tat org.testng.TestRunner.privateRun(TestRunner.java:648)\r\n\tat org.testng.TestRunner.run(TestRunner.java:505)\r\n\tat org.testng.SuiteRunner.runTest(SuiteRunner.java:455)\r\n\tat org.testng.SuiteRunner.runSequentially(SuiteRunner.java:450)\r\n\tat org.testng.SuiteRunner.privateRun(SuiteRunner.java:415)\r\n\tat org.testng.SuiteRunner.run(SuiteRunner.java:364)\r\n\tat org.testng.SuiteRunnerWorker.runSuite(SuiteRunnerWorker.java:52)\r\n\tat org.testng.SuiteRunnerWorker.run(SuiteRunnerWorker.java:84)\r\n\tat org.testng.TestNG.runSuitesSequentially(TestNG.java:1208)\r\n\tat org.testng.TestNG.runSuitesLocally(TestNG.java:1137)\r\n\tat org.testng.TestNG.runSuites(TestNG.java:1049)\r\n\tat org.testng.TestNG.run(TestNG.java:1017)\r\n\tat com.intellij.rt.testng.IDEARemoteTestNG.run(IDEARemoteTestNG.java:66)\r\n\tat com.intellij.rt.testng.RemoteTestNGStarter.main(RemoteTestNGStarter.java:109)\r\nCaused by: org.openqa.selenium.ElementClickInterceptedException: element click intercepted: Element <input type=\"submit\" value=\"Login\" class=\"btn btn-primary float-right filled-background\"> is not clickable at point (879, 522). Other element would receive the click: <div id=\"usercentrics-root\" data-created-at=\"1675678696387\" style=\"\"></div>\n  (Session info: chrome=109.0.5414.120)\nBuild info: version: '3.141.59', revision: 'e82be7d358', time: '2018-11-14T08:17:03'\nSystem info: host: 'LAPTOP-VLJAIGCH', ip: '192.168.1.16', os.name: 'Windows 11', os.arch: 'amd64', os.version: '10.0', java.version: '11.0.16'\nDriver info: org.openqa.selenium.chrome.ChromeDriver\nCapabilities {acceptInsecureCerts: true, browserName: chrome, browserVersion: 109.0.5414.120, chrome: {chromedriverVersion: 109.0.5414.74 (e7c5703604da..., userDataDir: C:\\Users\\abhin\\AppData\\Loca...}, goog:chromeOptions: {debuggerAddress: localhost:55725}, javascriptEnabled: true, networkConnectionEnabled: false, pageLoadStrategy: normal, platform: WINDOWS, platformName: WINDOWS, proxy: Proxy(), setWindowRect: true, strictFileInteractability: false, timeouts: {implicit: 0, pageLoad: 300000, script: 30000}, unhandledPromptBehavior: accept, webauthn:extension:credBlob: true, webauthn:extension:largeBlob: true, webauthn:virtualAuthenticators: true}\nSession ID: 5dc8d0947e10ec377e54c0861c831c8f\r\n\tat java.base/jdk.internal.reflect.NativeConstructorAccessorImpl.newInstance0(Native Method)\r\n\tat java.base/jdk.internal.reflect.NativeConstructorAccessorImpl.newInstance(NativeConstructorAccessorImpl.java:62)\r\n\tat java.base/jdk.internal.reflect.DelegatingConstructorAccessorImpl.newInstance(DelegatingConstructorAccessorImpl.java:45)\r\n\tat java.base/java.lang.reflect.Constructor.newInstance(Constructor.java:490)\r\n\tat org.openqa.selenium.remote.http.W3CHttpResponseCodec.createException(W3CHttpResponseCodec.java:187)\r\n\tat org.openqa.selenium.remote.http.W3CHttpResponseCodec.decode(W3CHttpResponseCodec.java:122)\r\n\tat org.openqa.selenium.remote.http.W3CHttpResponseCodec.decode(W3CHttpResponseCodec.java:49)\r\n\tat org.openqa.selenium.remote.HttpCommandExecutor.execute(HttpCommandExecutor.java:158)\r\n\tat org.openqa.selenium.remote.service.DriverCommandExecutor.execute(DriverCommandExecutor.java:83)\r\n\tat org.openqa.selenium.remote.RemoteWebDriver.execute(RemoteWebDriver.java:552)\r\n\tat org.openqa.selenium.remote.RemoteWebElement.execute(RemoteWebElement.java:285)\r\n\tat org.openqa.selenium.remote.RemoteWebElement.click(RemoteWebElement.java:84)\r\n\tat com.codeborne.selenide.commands.Click.click(Click.java:26)\r\n\tat com.codeborne.selenide.commands.Click.execute(Click.java:13)\r\n\tat com.codeborne.selenide.commands.Click.execute(Click.java:9)\r\n\tat com.codeborne.selenide.commands.Commands.execute(Commands.java:148)\r\n\tat com.codeborne.selenide.impl.SelenideElementProxy.dispatchAndRetry(SelenideElementProxy.java:99)\r\n\t... 40 more\r\n"},"stage":"finished","steps":[],"attachments":[],"parameters":[],"start":1675678687833,"stop":1675678709760,"uuid":"be5b88bf-fd67-45c8-aa6d-a89d811d2bc9","historyId":"b371cd294a9f6febfdeaadc0845868e9","fullName":"test.HomePage.CommdLoginPageValidation.verifyLogIn","labels":[{"name":"package","value":"test.HomePage.CommdLoginPageValidation"},{"name":"testClass","value":"test.HomePage.CommdLoginPageValidation"},{"name":"testMethod","value":"verifyLogIn"},{"name":"parentSuite","value":"Default Suite"},{"name":"suite","value":"commDAutomation"},{"name":"subSuite","value":"test.HomePage.CommdLoginPageValidation"},{"name":"host","value":"LAPTOP-VLJAIGCH"},{"name":"thread","value":"17212@LAPTOP-VLJAIGCH.main(1)"},{"name":"framework","value":"testng"},{"name":"language","value":"java"}],"links":[]}